2022-03-08 17:02:08,252 INFO o.a.j.u.JMeterUtils: Setting Locale to en_US
2022-03-08 17:02:08,358 INFO o.a.j.JMeter: Loading user properties from: user.properties
2022-03-08 17:02:08,359 INFO o.a.j.JMeter: Loading system properties from: system.properties
2022-03-08 17:02:08,383 INFO o.a.j.JMeter: Copyright (c) 1998-2021 The Apache Software Foundation
2022-03-08 17:02:08,384 INFO o.a.j.JMeter: Version 5.4.3
2022-03-08 17:02:08,384 INFO o.a.j.JMeter: java.version=14.0.2
2022-03-08 17:02:08,384 INFO o.a.j.JMeter: java.vm.name=Java HotSpot(TM) 64-Bit Server VM
2022-03-08 17:02:08,384 INFO o.a.j.JMeter: os.name=Windows 10
2022-03-08 17:02:08,384 INFO o.a.j.JMeter: os.arch=amd64
2022-03-08 17:02:08,386 INFO o.a.j.JMeter: os.version=10.0
2022-03-08 17:02:08,386 INFO o.a.j.JMeter: file.encoding=Cp1252
2022-03-08 17:02:08,387 INFO o.a.j.JMeter: java.awt.headless=null
2022-03-08 17:02:08,387 INFO o.a.j.JMeter: Max memory     =1585446912
2022-03-08 17:02:08,387 INFO o.a.j.JMeter: Available Processors =4
2022-03-08 17:02:08,411 INFO o.a.j.JMeter: Default Locale=English (United States)
2022-03-08 17:02:08,411 INFO o.a.j.JMeter: JMeter  Locale=English (United States)
2022-03-08 17:02:08,412 INFO o.a.j.JMeter: JMeterHome=G:\apache-jmeter-5.4.3
2022-03-08 17:02:08,412 INFO o.a.j.JMeter: user.dir  =G:\apache-jmeter-5.4.3\bin
2022-03-08 17:02:08,412 INFO o.a.j.JMeter: PWD       =G:\apache-jmeter-5.4.3\bin
2022-03-08 17:02:08,423 INFO o.a.j.JMeter: IP: 10.0.0.197 Name: DESKTOP-IOHMMU0 FullName: DESKTOP-IOHMMU0
2022-03-08 17:02:08,981 INFO o.a.j.JMeter: Setting LAF to: com.github.weisj.darklaf.DarkLaf:com.github.weisj.darklaf.theme.DarculaTheme
2022-03-08 17:02:11,154 INFO o.a.j.JMeter: Loaded icon properties from org/apache/jmeter/images/icon.properties
2022-03-08 17:03:15,449 INFO o.a.j.e.KeyToolUtils: keytool found at 'keytool'
2022-03-08 17:03:15,452 INFO o.a.j.p.h.p.ProxyControl: HTTP(S) Test Script Recorder SSL Proxy will use keys that support embedded 3rd party resources in file G:\apache-jmeter-5.4.3\bin\proxyserver.jks
2022-03-08 17:03:21,541 INFO o.a.j.s.SampleResult: Note: Sample TimeStamps are START times
2022-03-08 17:03:21,541 INFO o.a.j.s.SampleResult: sampleresult.default.encoding is set to ISO-8859-1
2022-03-08 17:03:21,542 INFO o.a.j.s.SampleResult: sampleresult.useNanoTime=true
2022-03-08 17:03:21,542 INFO o.a.j.s.SampleResult: sampleresult.nanoThreadSleep=5000
2022-03-08 17:03:21,986 INFO o.a.j.v.ViewResultsFullVisualizer: Add JavaFX to your Java installation if you want to use renderer: org.apache.jmeter.visualizers.RenderInBrowser
